<?xml version="1.0" encoding="UTF-8"?>
<!-- Generated by org.testng.reporters.JUnitReportReporter -->
<testsuite hostname="DESKTOP-ENV65N4" name="jenkins.jenkins.Jenkinclass" tests="1" failures="0" timestamp="24 Dec 2016 21:13:25 GMT" time="12.677" errors="0">
  <testcase name="test1" time="12.677" classname="jenkins.jenkins.Jenkinclass"/>
</testsuite> <!-- jenkins.jenkins.Jenkinclass -->
